00:00:02.021 ERROR vert.x-eventloop-thread-0 BaseServiceProxy     : request failed api.ibkr.com: Temporary failure in name resolution
java.net.UnknownHostException: api.ibkr.com: Temporary failure in name resolution
	at java.base/java.net.Inet4AddressImpl.lookupAllHostAddr(Native Method)
	at java.base/java.net.InetAddress$PlatformNameService.lookupAllHostAddr(InetAddress.java:934)
	at java.base/java.net.InetAddress.getAddressesFromNameService(InetAddress.java:1543)
	at java.base/java.net.InetAddress$NameServiceAddresses.get(InetAddress.java:852)
	at java.base/java.net.InetAddress.getAllByName0(InetAddress.java:1533)
	at java.base/java.net.InetAddress.getAllByName(InetAddress.java:1385)
	at java.base/java.net.InetAddress.getAllByName(InetAddress.java:1306)
	at java.base/java.net.InetAddress.getByName(InetAddress.java:1256)
	at io.netty.util.internal.SocketUtils$8.run(SocketUtils.java:146)
	at io.netty.util.internal.SocketUtils$8.run(SocketUtils.java:143)
	at java.base/java.security.AccessController.doPrivileged(AccessController.java:569)
	at io.netty.util.internal.SocketUtils.addressByName(SocketUtils.java:143)
	at io.netty.resolver.DefaultNameResolver.doResolve(DefaultNameResolver.java:43)
	at io.netty.resolver.SimpleNameResolver.resolve(SimpleNameResolver.java:63)
	at io.netty.resolver.SimpleNameResolver.resolve(SimpleNameResolver.java:55)
	at io.netty.resolver.InetSocketAddressResolver.doResolve(InetSocketAddressResolver.java:57)
	at io.netty.resolver.InetSocketAddressResolver.doResolve(InetSocketAddressResolver.java:32)
	at io.netty.resolver.AbstractAddressResolver.resolve(AbstractAddressResolver.java:108)
	at io.netty.bootstrap.Bootstrap.doResolveAndConnect0(Bootstrap.java:208)
	at io.netty.bootstrap.Bootstrap.doResolveAndConnect(Bootstrap.java:170)
	at io.netty.bootstrap.Bootstrap.connect(Bootstrap.java:145)
	at io.vertx.core.net.impl.ChannelProvider.connect(ChannelProvider.java:38)
	at io.vertx.core.http.impl.ConnectionManager$ChannelConnector.connect(ConnectionManager.java:537)
	at io.vertx.core.http.impl.ConnectionManager$ConnQueue.createNewConnection(ConnectionManager.java:294)
	at io.vertx.core.http.impl.ConnectionManager$ConnQueue.getConnection(ConnectionManager.java:237)
	at io.vertx.core.http.impl.ConnectionManager.getConnectionForRequest(ConnectionManager.java:171)
	at io.vertx.core.http.impl.HttpClientImpl.getConnectionForRequest(HttpClientImpl.java:950)
	at io.vertx.core.http.impl.HttpClientRequestImpl.connect(HttpClientRequestImpl.java:745)
	at io.vertx.core.http.impl.HttpClientRequestImpl.write(HttpClientRequestImpl.java:867)
	at io.vertx.core.http.impl.HttpClientRequestImpl.end(HttpClientRequestImpl.java:358)
	at ibgroup.web.core.clientportal.gw.services.ClientPortalService.tickleSession(ClientPortalService.java:240)
	at ibgroup.web.core.clientportal.gw.services.ClientPortalService.onTimerEvent(ClientPortalService.java:91)
	at io.vertx.core.impl.VertxImpl$InternalTimerHandler.handle(VertxImpl.java:870)
	at io.vertx.core.impl.VertxImpl$InternalTimerHandler.handle(VertxImpl.java:829)
	at io.vertx.core.impl.ContextImpl.lambda$wrapTask$2(ContextImpl.java:344)
	at io.netty.util.concurrent.AbstractEventExecutor.safeExecute(AbstractEventExecutor.java:163)
	at io.netty.util.concurrent.SingleThreadEventExecutor.runAllTasks(SingleThreadEventExecutor.java:403)
	at io.netty.channel.nio.NioEventLoop.run(NioEventLoop.java:463)
	at io.netty.util.concurrent.SingleThreadEventExecutor$5.run(SingleThreadEventExecutor.java:858)
	at java.base/java.lang.Thread.run(Thread.java:840)
00:00:32.020 ERROR vert.x-eventloop-thread-0 BaseServiceProxy     : request failed api.ibkr.com: Temporary failure in name resolution
java.net.UnknownHostException: api.ibkr.com: Temporary failure in name resolution
	at java.base/java.net.Inet4AddressImpl.lookupAllHostAddr(Native Method)
	at java.base/java.net.InetAddress$PlatformNameService.lookupAllHostAddr(InetAddress.java:934)
	at java.base/java.net.InetAddress.getAddressesFromNameService(InetAddress.java:1543)
	at java.base/java.net.InetAddress$NameServiceAddresses.get(InetAddress.java:852)
	at java.base/java.net.InetAddress.getAllByName0(InetAddress.java:1533)
	at java.base/java.net.InetAddress.getAllByName(InetAddress.java:1385)
	at java.base/java.net.InetAddress.getAllByName(InetAddress.java:1306)
	at java.base/java.net.InetAddress.getByName(InetAddress.java:1256)
	at io.netty.util.internal.SocketUtils$8.run(SocketUtils.java:146)
	at io.netty.util.internal.SocketUtils$8.run(SocketUtils.java:143)
	at java.base/java.security.AccessController.doPrivileged(AccessController.java:569)
	at io.netty.util.internal.SocketUtils.addressByName(SocketUtils.java:143)
	at io.netty.resolver.DefaultNameResolver.doResolve(DefaultNameResolver.java:43)
	at io.netty.resolver.SimpleNameResolver.resolve(SimpleNameResolver.java:63)
	at io.netty.resolver.SimpleNameResolver.resolve(SimpleNameResolver.java:55)
	at io.netty.resolver.InetSocketAddressResolver.doResolve(InetSocketAddressResolver.java:57)
	at io.netty.resolver.InetSocketAddressResolver.doResolve(InetSocketAddressResolver.java:32)
	at io.netty.resolver.AbstractAddressResolver.resolve(AbstractAddressResolver.java:108)
	at io.netty.bootstrap.Bootstrap.doResolveAndConnect0(Bootstrap.java:208)
	at io.netty.bootstrap.Bootstrap.doResolveAndConnect(Bootstrap.java:170)
	at io.netty.bootstrap.Bootstrap.connect(Bootstrap.java:145)
	at io.vertx.core.net.impl.ChannelProvider.connect(ChannelProvider.java:38)
	at io.vertx.core.http.impl.ConnectionManager$ChannelConnector.connect(ConnectionManager.java:537)
	at io.vertx.core.http.impl.ConnectionManager$ConnQueue.createNewConnection(ConnectionManager.java:294)
	at io.vertx.core.http.impl.ConnectionManager$ConnQueue.getConnection(ConnectionManager.java:237)
	at io.vertx.core.http.impl.ConnectionManager.getConnectionForRequest(ConnectionManager.java:171)
	at io.vertx.core.http.impl.HttpClientImpl.getConnectionForRequest(HttpClientImpl.java:950)
	at io.vertx.core.http.impl.HttpClientRequestImpl.connect(HttpClientRequestImpl.java:745)
	at io.vertx.core.http.impl.HttpClientRequestImpl.write(HttpClientRequestImpl.java:867)
	at io.vertx.core.http.impl.HttpClientRequestImpl.end(HttpClientRequestImpl.java:358)
	at ibgroup.web.core.clientportal.gw.services.ClientPortalService.tickleSession(ClientPortalService.java:240)
	at ibgroup.web.core.clientportal.gw.services.ClientPortalService.onTimerEvent(ClientPortalService.java:91)
	at io.vertx.core.impl.VertxImpl$InternalTimerHandler.handle(VertxImpl.java:870)
	at io.vertx.core.impl.VertxImpl$InternalTimerHandler.handle(VertxImpl.java:829)
	at io.vertx.core.impl.ContextImpl.lambda$wrapTask$2(ContextImpl.java:344)
	at io.netty.util.concurrent.AbstractEventExecutor.safeExecute(AbstractEventExecutor.java:163)
	at io.netty.util.concurrent.SingleThreadEventExecutor.runAllTasks(SingleThreadEventExecutor.java:403)
	at io.netty.channel.nio.NioEventLoop.run(NioEventLoop.java:463)
	at io.netty.util.concurrent.SingleThreadEventExecutor$5.run(SingleThreadEventExecutor.java:858)
	at java.base/java.lang.Thread.run(Thread.java:840)
